<?xml version="1.0" encoding="UTF-8"?>
<testsuite xmlns:xsi="http://www.w3.org/2001/XMLSchema-instance" xsi:noNamespaceSchemaLocation="https://maven.apache.org/surefire/maven-surefire-plugin/xsd/surefire-test-report.xsd" name="com.wf.HelloAppEngineTest" time="0.078" tests="1" errors="0" skipped="0" failures="1">
  <properties>
    <property name="sun.desktop" value="windows"/>
    <property name="awt.toolkit" value="sun.awt.windows.WToolkit"/>
    <property name="file.encoding.pkg" value="sun.io"/>
    <property name="java.specification.version" value="1.8"/>
    <property name="sun.cpu.isalist" value="amd64"/>
    <property name="sun.jnu.encoding" value="Cp1252"/>
    <property name="java.class.path" value="G:\Project_workspace\_wf\wf\target\test-classes;G:\Project_workspace\_wf\wf\target\classes;C:\Users\ahmed.t.abouelsouod\.m2\repository\org\springframework\boot\spring-boot-starter-web\2.0.0.RELEASE\spring-boot-starter-web-2.0.0.RELEASE.jar;C:\Users\ahmed.t.abouelsouod\.m2\repository\org\springframework\boot\spring-boot-starter\2.0.0.RELEASE\spring-boot-starter-2.0.0.RELEASE.jar;C:\Users\ahmed.t.abouelsouod\.m2\repository\org\springframework\boot\spring-boot\2.0.0.RELEASE\spring-boot-2.0.0.RELEASE.jar;C:\Users\ahmed.t.abouelsouod\.m2\repository\org\springframework\boot\spring-boot-autoconfigure\2.0.0.RELEASE\spring-boot-autoconfigure-2.0.0.RELEASE.jar;C:\Users\ahmed.t.abouelsouod\.m2\repository\org\springframework\boot\spring-boot-starter-logging\2.0.0.RELEASE\spring-boot-starter-logging-2.0.0.RELEASE.jar;C:\Users\ahmed.t.abouelsouod\.m2\repository\ch\qos\logback\logback-classic\1.2.3\logback-classic-1.2.3.jar;C:\Users\ahmed.t.abouelsouod\.m2\repository\ch\qos\logback\logback-core\1.2.3\logback-core-1.2.3.jar;C:\Users\ahmed.t.abouelsouod\.m2\repository\org\apache\logging\log4j\log4j-to-slf4j\2.10.0\log4j-to-slf4j-2.10.0.jar;C:\Users\ahmed.t.abouelsouod\.m2\repository\org\apache\logging\log4j\log4j-api\2.10.0\log4j-api-2.10.0.jar;C:\Users\ahmed.t.abouelsouod\.m2\repository\org\slf4j\jul-to-slf4j\1.7.25\jul-to-slf4j-1.7.25.jar;C:\Users\ahmed.t.abouelsouod\.m2\repository\javax\annotation\javax.annotation-api\1.3.2\javax.annotation-api-1.3.2.jar;C:\Users\ahmed.t.abouelsouod\.m2\repository\org\yaml\snakeyaml\1.19\snakeyaml-1.19.jar;C:\Users\ahmed.t.abouelsouod\.m2\repository\org\springframework\boot\spring-boot-starter-json\2.0.0.RELEASE\spring-boot-starter-json-2.0.0.RELEASE.jar;C:\Users\ahmed.t.abouelsouod\.m2\repository\com\fasterxml\jackson\datatype\jackson-datatype-jdk8\2.9.4\jackson-datatype-jdk8-2.9.4.jar;C:\Users\ahmed.t.abouelsouod\.m2\repository\com\fasterxml\jackson\module\jackson-module-parameter-names\2.9.4\jackson-module-parameter-names-2.9.4.jar;C:\Users\ahmed.t.abouelsouod\.m2\repository\org\hibernate\validator\hibernate-validator\6.0.7.Final\hibernate-validator-6.0.7.Final.jar;C:\Users\ahmed.t.abouelsouod\.m2\repository\javax\validation\validation-api\2.0.1.Final\validation-api-2.0.1.Final.jar;C:\Users\ahmed.t.abouelsouod\.m2\repository\org\springframework\spring-web\5.0.4.RELEASE\spring-web-5.0.4.RELEASE.jar;C:\Users\ahmed.t.abouelsouod\.m2\repository\org\springframework\spring-webmvc\5.0.4.RELEASE\spring-webmvc-5.0.4.RELEASE.jar;C:\Users\ahmed.t.abouelsouod\.m2\repository\org\springframework\spring-aop\5.0.4.RELEASE\spring-aop-5.0.4.RELEASE.jar;C:\Users\ahmed.t.abouelsouod\.m2\repository\org\springframework\spring-context\5.0.4.RELEASE\spring-context-5.0.4.RELEASE.jar;C:\Users\ahmed.t.abouelsouod\.m2\repository\org\springframework\spring-expression\5.0.4.RELEASE\spring-expression-5.0.4.RELEASE.jar;C:\Users\ahmed.t.abouelsouod\.m2\repository\org\springframework\boot\spring-boot-starter-jdbc\2.0.0.RELEASE\spring-boot-starter-jdbc-2.0.0.RELEASE.jar;C:\Users\ahmed.t.abouelsouod\.m2\repository\com\zaxxer\HikariCP\2.7.8\HikariCP-2.7.8.jar;C:\Users\ahmed.t.abouelsouod\.m2\repository\org\slf4j\slf4j-api\1.7.25\slf4j-api-1.7.25.jar;C:\Users\ahmed.t.abouelsouod\.m2\repository\org\springframework\spring-jdbc\5.0.4.RELEASE\spring-jdbc-5.0.4.RELEASE.jar;C:\Users\ahmed.t.abouelsouod\.m2\repository\org\springframework\spring-tx\5.0.4.RELEASE\spring-tx-5.0.4.RELEASE.jar;C:\Users\ahmed.t.abouelsouod\.m2\repository\org\springframework\spring-beans\5.0.4.RELEASE\spring-beans-5.0.4.RELEASE.jar;C:\Users\ahmed.t.abouelsouod\.m2\repository\org\springframework\spring-core\5.0.4.RELEASE\spring-core-5.0.4.RELEASE.jar;C:\Users\ahmed.t.abouelsouod\.m2\repository\org\springframework\spring-jcl\5.0.4.RELEASE\spring-jcl-5.0.4.RELEASE.jar;C:\Users\ahmed.t.abouelsouod\.m2\repository\org\springframework\spring-orm\5.0.4.RELEASE\spring-orm-5.0.4.RELEASE.jar;C:\Users\ahmed.t.abouelsouod\.m2\repository\org\hibernate\hibernate-core\5.1.8.Final\hibernate-core-5.1.8.Final.jar;C:\Users\ahmed.t.abouelsouod\.m2\repository\org\jboss\logging\jboss-logging\3.3.2.Final\jboss-logging-3.3.2.Final.jar;C:\Users\ahmed.t.abouelsouod\.m2\repository\org\hibernate\javax\persistence\hibernate-jpa-2.1-api\1.0.0.Final\hibernate-jpa-2.1-api-1.0.0.Final.jar;C:\Users\ahmed.t.abouelsouod\.m2\repository\org\javassist\javassist\3.20.0-GA\javassist-3.20.0-GA.jar;C:\Users\ahmed.t.abouelsouod\.m2\repository\antlr\antlr\2.7.7\antlr-2.7.7.jar;C:\Users\ahmed.t.abouelsouod\.m2\repository\org\apache\geronimo\specs\geronimo-jta_1.1_spec\1.1.1\geronimo-jta_1.1_spec-1.1.1.jar;C:\Users\ahmed.t.abouelsouod\.m2\repository\org\jboss\jandex\2.0.3.Final\jandex-2.0.3.Final.jar;C:\Users\ahmed.t.abouelsouod\.m2\repository\com\fasterxml\classmate\1.3.4\classmate-1.3.4.jar;C:\Users\ahmed.t.abouelsouod\.m2\repository\dom4j\dom4j\1.6.1\dom4j-1.6.1.jar;C:\Users\ahmed.t.abouelsouod\.m2\repository\org\hibernate\common\hibernate-commons-annotations\5.0.1.Final\hibernate-commons-annotations-5.0.1.Final.jar;C:\Users\ahmed.t.abouelsouod\.m2\repository\com\mchange\c3p0\0.9.5.2\c3p0-0.9.5.2.jar;C:\Users\ahmed.t.abouelsouod\.m2\repository\com\mchange\mchange-commons-java\0.2.11\mchange-commons-java-0.2.11.jar;C:\Users\ahmed.t.abouelsouod\.m2\repository\mysql\mysql-connector-java\5.1.45\mysql-connector-java-5.1.45.jar;C:\Users\ahmed.t.abouelsouod\.m2\repository\com\google\cloud\sql\mysql-socket-factory\1.0.5\mysql-socket-factory-1.0.5.jar;C:\Users\ahmed.t.abouelsouod\.m2\repository\com\google\cloud\sql\jdbc-socket-factory-core\1.0.5\jdbc-socket-factory-core-1.0.5.jar;C:\Users\ahmed.t.abouelsouod\.m2\repository\com\google\apis\google-api-services-sqladmin\v1beta4-rev25-1.22.0\google-api-services-sqladmin-v1beta4-rev25-1.22.0.jar;C:\Users\ahmed.t.abouelsouod\.m2\repository\com\google\api-client\google-api-client\1.22.0\google-api-client-1.22.0.jar;C:\Users\ahmed.t.abouelsouod\.m2\repository\com\google\oauth-client\google-oauth-client\1.22.0\google-oauth-client-1.22.0.jar;C:\Users\ahmed.t.abouelsouod\.m2\repository\com\google\http-client\google-http-client\1.22.0\google-http-client-1.22.0.jar;C:\Users\ahmed.t.abouelsouod\.m2\repository\org\apache\httpcomponents\httpclient\4.5.5\httpclient-4.5.5.jar;C:\Users\ahmed.t.abouelsouod\.m2\repository\org\apache\httpcomponents\httpcore\4.4.9\httpcore-4.4.9.jar;C:\Users\ahmed.t.abouelsouod\.m2\repository\commons-codec\commons-codec\1.11\commons-codec-1.11.jar;C:\Users\ahmed.t.abouelsouod\.m2\repository\com\google\code\findbugs\jsr305\1.3.9\jsr305-1.3.9.jar;C:\Users\ahmed.t.abouelsouod\.m2\repository\com\google\http-client\google-http-client-jackson2\1.22.0\google-http-client-jackson2-1.22.0.jar;C:\Users\ahmed.t.abouelsouod\.m2\repository\com\google\guava\guava-jdk5\17.0\guava-jdk5-17.0.jar;C:\Users\ahmed.t.abouelsouod\.m2\repository\com\fasterxml\jackson\datatype\jackson-datatype-jsr310\2.9.4\jackson-datatype-jsr310-2.9.4.jar;C:\Users\ahmed.t.abouelsouod\.m2\repository\com\fasterxml\jackson\core\jackson-annotations\2.9.0\jackson-annotations-2.9.0.jar;C:\Users\ahmed.t.abouelsouod\.m2\repository\com\fasterxml\jackson\core\jackson-core\2.9.4\jackson-core-2.9.4.jar;C:\Users\ahmed.t.abouelsouod\.m2\repository\com\fasterxml\jackson\core\jackson-databind\2.9.4\jackson-databind-2.9.4.jar;C:\Users\ahmed.t.abouelsouod\.m2\repository\net\bootsfaces\bootsfaces\1.3.0\bootsfaces-1.3.0.jar;C:\Users\ahmed.t.abouelsouod\.m2\repository\org\primefaces\primefaces\6.0\primefaces-6.0.jar;C:\Users\ahmed.t.abouelsouod\.m2\repository\jstl\jstl\1.2\jstl-1.2.jar;C:\Users\ahmed.t.abouelsouod\.m2\repository\com\sun\faces\jsf-api\2.1.7\jsf-api-2.1.7.jar;C:\Users\ahmed.t.abouelsouod\.m2\repository\com\sun\faces\jsf-impl\2.1.7\jsf-impl-2.1.7.jar;C:\Users\ahmed.t.abouelsouod\.m2\repository\org\glassfish\web\el-impl\2.2\el-impl-2.2.jar;C:\Users\ahmed.t.abouelsouod\.m2\repository\javax\el\el-api\2.2\el-api-2.2.jar;C:\Users\ahmed.t.abouelsouod\.m2\repository\javax\xml\bind\jaxb-api\2.3.0\jaxb-api-2.3.0.jar;C:\Users\ahmed.t.abouelsouod\.m2\repository\org\modelmapper\modelmapper\1.1.0\modelmapper-1.1.0.jar;C:\Users\ahmed.t.abouelsouod\.m2\repository\javax\servlet\javax.servlet-api\3.1.0\javax.servlet-api-3.1.0.jar;C:\Users\ahmed.t.abouelsouod\.m2\repository\com\google\appengine\appengine-api-1.0-sdk\1.9.63\appengine-api-1.0-sdk-1.9.63.jar;C:\Users\ahmed.t.abouelsouod\.m2\repository\junit\junit\4.12\junit-4.12.jar;C:\Users\ahmed.t.abouelsouod\.m2\repository\org\hamcrest\hamcrest-core\1.3\hamcrest-core-1.3.jar;"/>
    <property name="java.vm.vendor" value="Oracle Corporation"/>
    <property name="sun.arch.data.model" value="64"/>
    <property name="user.variant" value=""/>
    <property name="java.vendor.url" value="http://java.oracle.com/"/>
    <property name="user.timezone" value=""/>
    <property name="java.vm.specification.version" value="1.8"/>
    <property name="os.name" value="Windows 10"/>
    <property name="user.country" value="US"/>
    <property name="sun.java.launcher" value="SUN_STANDARD"/>
    <property name="sun.boot.library.path" value="G:\Java\jdk1.8.0_171\jre\bin"/>
    <property name="sun.java.command" value="C:\Users\AHMEDT~1.ABO\AppData\Local\Temp\surefire2074479116252492755\surefirebooter8784384277527393076.jar C:\Users\ahmed.t.abouelsouod\AppData\Local\Temp\surefire2074479116252492755 2018-08-17T11-01-50_893-jvmRun1 surefire7962948224634864044tmp surefire_02238260234047462392tmp"/>
    <property name="surefire.test.class.path" value="G:\Project_workspace\_wf\wf\target\test-classes;G:\Project_workspace\_wf\wf\target\classes;C:\Users\ahmed.t.abouelsouod\.m2\repository\org\springframework\boot\spring-boot-starter-web\2.0.0.RELEASE\spring-boot-starter-web-2.0.0.RELEASE.jar;C:\Users\ahmed.t.abouelsouod\.m2\repository\org\springframework\boot\spring-boot-starter\2.0.0.RELEASE\spring-boot-starter-2.0.0.RELEASE.jar;C:\Users\ahmed.t.abouelsouod\.m2\repository\org\springframework\boot\spring-boot\2.0.0.RELEASE\spring-boot-2.0.0.RELEASE.jar;C:\Users\ahmed.t.abouelsouod\.m2\repository\org\springframework\boot\spring-boot-autoconfigure\2.0.0.RELEASE\spring-boot-autoconfigure-2.0.0.RELEASE.jar;C:\Users\ahmed.t.abouelsouod\.m2\repository\org\springframework\boot\spring-boot-starter-logging\2.0.0.RELEASE\spring-boot-starter-logging-2.0.0.RELEASE.jar;C:\Users\ahmed.t.abouelsouod\.m2\repository\ch\qos\logback\logback-classic\1.2.3\logback-classic-1.2.3.jar;C:\Users\ahmed.t.abouelsouod\.m2\repository\ch\qos\logback\logback-core\1.2.3\logback-core-1.2.3.jar;C:\Users\ahmed.t.abouelsouod\.m2\repository\org\apache\logging\log4j\log4j-to-slf4j\2.10.0\log4j-to-slf4j-2.10.0.jar;C:\Users\ahmed.t.abouelsouod\.m2\repository\org\apache\logging\log4j\log4j-api\2.10.0\log4j-api-2.10.0.jar;C:\Users\ahmed.t.abouelsouod\.m2\repository\org\slf4j\jul-to-slf4j\1.7.25\jul-to-slf4j-1.7.25.jar;C:\Users\ahmed.t.abouelsouod\.m2\repository\javax\annotation\javax.annotation-api\1.3.2\javax.annotation-api-1.3.2.jar;C:\Users\ahmed.t.abouelsouod\.m2\repository\org\yaml\snakeyaml\1.19\snakeyaml-1.19.jar;C:\Users\ahmed.t.abouelsouod\.m2\repository\org\springframework\boot\spring-boot-starter-json\2.0.0.RELEASE\spring-boot-starter-json-2.0.0.RELEASE.jar;C:\Users\ahmed.t.abouelsouod\.m2\repository\com\fasterxml\jackson\datatype\jackson-datatype-jdk8\2.9.4\jackson-datatype-jdk8-2.9.4.jar;C:\Users\ahmed.t.abouelsouod\.m2\repository\com\fasterxml\jackson\module\jackson-module-parameter-names\2.9.4\jackson-module-parameter-names-2.9.4.jar;C:\Users\ahmed.t.abouelsouod\.m2\repository\org\hibernate\validator\hibernate-validator\6.0.7.Final\hibernate-validator-6.0.7.Final.jar;C:\Users\ahmed.t.abouelsouod\.m2\repository\javax\validation\validation-api\2.0.1.Final\validation-api-2.0.1.Final.jar;C:\Users\ahmed.t.abouelsouod\.m2\repository\org\springframework\spring-web\5.0.4.RELEASE\spring-web-5.0.4.RELEASE.jar;C:\Users\ahmed.t.abouelsouod\.m2\repository\org\springframework\spring-webmvc\5.0.4.RELEASE\spring-webmvc-5.0.4.RELEASE.jar;C:\Users\ahmed.t.abouelsouod\.m2\repository\org\springframework\spring-aop\5.0.4.RELEASE\spring-aop-5.0.4.RELEASE.jar;C:\Users\ahmed.t.abouelsouod\.m2\repository\org\springframework\spring-context\5.0.4.RELEASE\spring-context-5.0.4.RELEASE.jar;C:\Users\ahmed.t.abouelsouod\.m2\repository\org\springframework\spring-expression\5.0.4.RELEASE\spring-expression-5.0.4.RELEASE.jar;C:\Users\ahmed.t.abouelsouod\.m2\repository\org\springframework\boot\spring-boot-starter-jdbc\2.0.0.RELEASE\spring-boot-starter-jdbc-2.0.0.RELEASE.jar;C:\Users\ahmed.t.abouelsouod\.m2\repository\com\zaxxer\HikariCP\2.7.8\HikariCP-2.7.8.jar;C:\Users\ahmed.t.abouelsouod\.m2\repository\org\slf4j\slf4j-api\1.7.25\slf4j-api-1.7.25.jar;C:\Users\ahmed.t.abouelsouod\.m2\repository\org\springframework\spring-jdbc\5.0.4.RELEASE\spring-jdbc-5.0.4.RELEASE.jar;C:\Users\ahmed.t.abouelsouod\.m2\repository\org\springframework\spring-tx\5.0.4.RELEASE\spring-tx-5.0.4.RELEASE.jar;C:\Users\ahmed.t.abouelsouod\.m2\repository\org\springframework\spring-beans\5.0.4.RELEASE\spring-beans-5.0.4.RELEASE.jar;C:\Users\ahmed.t.abouelsouod\.m2\repository\org\springframework\spring-core\5.0.4.RELEASE\spring-core-5.0.4.RELEASE.jar;C:\Users\ahmed.t.abouelsouod\.m2\repository\org\springframework\spring-jcl\5.0.4.RELEASE\spring-jcl-5.0.4.RELEASE.jar;C:\Users\ahmed.t.abouelsouod\.m2\repository\org\springframework\spring-orm\5.0.4.RELEASE\spring-orm-5.0.4.RELEASE.jar;C:\Users\ahmed.t.abouelsouod\.m2\repository\org\hibernate\hibernate-core\5.1.8.Final\hibernate-core-5.1.8.Final.jar;C:\Users\ahmed.t.abouelsouod\.m2\repository\org\jboss\logging\jboss-logging\3.3.2.Final\jboss-logging-3.3.2.Final.jar;C:\Users\ahmed.t.abouelsouod\.m2\repository\org\hibernate\javax\persistence\hibernate-jpa-2.1-api\1.0.0.Final\hibernate-jpa-2.1-api-1.0.0.Final.jar;C:\Users\ahmed.t.abouelsouod\.m2\repository\org\javassist\javassist\3.20.0-GA\javassist-3.20.0-GA.jar;C:\Users\ahmed.t.abouelsouod\.m2\repository\antlr\antlr\2.7.7\antlr-2.7.7.jar;C:\Users\ahmed.t.abouelsouod\.m2\repository\org\apache\geronimo\specs\geronimo-jta_1.1_spec\1.1.1\geronimo-jta_1.1_spec-1.1.1.jar;C:\Users\ahmed.t.abouelsouod\.m2\repository\org\jboss\jandex\2.0.3.Final\jandex-2.0.3.Final.jar;C:\Users\ahmed.t.abouelsouod\.m2\repository\com\fasterxml\classmate\1.3.4\classmate-1.3.4.jar;C:\Users\ahmed.t.abouelsouod\.m2\repository\dom4j\dom4j\1.6.1\dom4j-1.6.1.jar;C:\Users\ahmed.t.abouelsouod\.m2\repository\org\hibernate\common\hibernate-commons-annotations\5.0.1.Final\hibernate-commons-annotations-5.0.1.Final.jar;C:\Users\ahmed.t.abouelsouod\.m2\repository\com\mchange\c3p0\0.9.5.2\c3p0-0.9.5.2.jar;C:\Users\ahmed.t.abouelsouod\.m2\repository\com\mchange\mchange-commons-java\0.2.11\mchange-commons-java-0.2.11.jar;C:\Users\ahmed.t.abouelsouod\.m2\repository\mysql\mysql-connector-java\5.1.45\mysql-connector-java-5.1.45.jar;C:\Users\ahmed.t.abouelsouod\.m2\repository\com\google\cloud\sql\mysql-socket-factory\1.0.5\mysql-socket-factory-1.0.5.jar;C:\Users\ahmed.t.abouelsouod\.m2\repository\com\google\cloud\sql\jdbc-socket-factory-core\1.0.5\jdbc-socket-factory-core-1.0.5.jar;C:\Users\ahmed.t.abouelsouod\.m2\repository\com\google\apis\google-api-services-sqladmin\v1beta4-rev25-1.22.0\google-api-services-sqladmin-v1beta4-rev25-1.22.0.jar;C:\Users\ahmed.t.abouelsouod\.m2\repository\com\google\api-client\google-api-client\1.22.0\google-api-client-1.22.0.jar;C:\Users\ahmed.t.abouelsouod\.m2\repository\com\google\oauth-client\google-oauth-client\1.22.0\google-oauth-client-1.22.0.jar;C:\Users\ahmed.t.abouelsouod\.m2\repository\com\google\http-client\google-http-client\1.22.0\google-http-client-1.22.0.jar;C:\Users\ahmed.t.abouelsouod\.m2\repository\org\apache\httpcomponents\httpclient\4.5.5\httpclient-4.5.5.jar;C:\Users\ahmed.t.abouelsouod\.m2\repository\org\apache\httpcomponents\httpcore\4.4.9\httpcore-4.4.9.jar;C:\Users\ahmed.t.abouelsouod\.m2\repository\commons-codec\commons-codec\1.11\commons-codec-1.11.jar;C:\Users\ahmed.t.abouelsouod\.m2\repository\com\google\code\findbugs\jsr305\1.3.9\jsr305-1.3.9.jar;C:\Users\ahmed.t.abouelsouod\.m2\repository\com\google\http-client\google-http-client-jackson2\1.22.0\google-http-client-jackson2-1.22.0.jar;C:\Users\ahmed.t.abouelsouod\.m2\repository\com\google\guava\guava-jdk5\17.0\guava-jdk5-17.0.jar;C:\Users\ahmed.t.abouelsouod\.m2\repository\com\fasterxml\jackson\datatype\jackson-datatype-jsr310\2.9.4\jackson-datatype-jsr310-2.9.4.jar;C:\Users\ahmed.t.abouelsouod\.m2\repository\com\fasterxml\jackson\core\jackson-annotations\2.9.0\jackson-annotations-2.9.0.jar;C:\Users\ahmed.t.abouelsouod\.m2\repository\com\fasterxml\jackson\core\jackson-core\2.9.4\jackson-core-2.9.4.jar;C:\Users\ahmed.t.abouelsouod\.m2\repository\com\fasterxml\jackson\core\jackson-databind\2.9.4\jackson-databind-2.9.4.jar;C:\Users\ahmed.t.abouelsouod\.m2\repository\net\bootsfaces\bootsfaces\1.3.0\bootsfaces-1.3.0.jar;C:\Users\ahmed.t.abouelsouod\.m2\repository\org\primefaces\primefaces\6.0\primefaces-6.0.jar;C:\Users\ahmed.t.abouelsouod\.m2\repository\jstl\jstl\1.2\jstl-1.2.jar;C:\Users\ahmed.t.abouelsouod\.m2\repository\com\sun\faces\jsf-api\2.1.7\jsf-api-2.1.7.jar;C:\Users\ahmed.t.abouelsouod\.m2\repository\com\sun\faces\jsf-impl\2.1.7\jsf-impl-2.1.7.jar;C:\Users\ahmed.t.abouelsouod\.m2\repository\org\glassfish\web\el-impl\2.2\el-impl-2.2.jar;C:\Users\ahmed.t.abouelsouod\.m2\repository\javax\el\el-api\2.2\el-api-2.2.jar;C:\Users\ahmed.t.abouelsouod\.m2\repository\javax\xml\bind\jaxb-api\2.3.0\jaxb-api-2.3.0.jar;C:\Users\ahmed.t.abouelsouod\.m2\repository\org\modelmapper\modelmapper\1.1.0\modelmapper-1.1.0.jar;C:\Users\ahmed.t.abouelsouod\.m2\repository\javax\servlet\javax.servlet-api\3.1.0\javax.servlet-api-3.1.0.jar;C:\Users\ahmed.t.abouelsouod\.m2\repository\com\google\appengine\appengine-api-1.0-sdk\1.9.63\appengine-api-1.0-sdk-1.9.63.jar;C:\Users\ahmed.t.abouelsouod\.m2\repository\junit\junit\4.12\junit-4.12.jar;C:\Users\ahmed.t.abouelsouod\.m2\repository\org\hamcrest\hamcrest-core\1.3\hamcrest-core-1.3.jar;"/>
    <property name="sun.cpu.endian" value="little"/>
    <property name="user.home" value="C:\Users\ahmed.t.abouelsouod"/>
    <property name="user.language" value="en"/>
    <property name="java.specification.vendor" value="Oracle Corporation"/>
    <property name="java.home" value="G:\Java\jdk1.8.0_171\jre"/>
    <property name="basedir" value="G:\Project_workspace\_wf\wf"/>
    <property name="file.separator" value="\"/>
    <property name="line.separator" value="&#10;"/>
    <property name="java.vm.specification.vendor" value="Oracle Corporation"/>
    <property name="java.specification.name" value="Java Platform API Specification"/>
    <property name="java.awt.graphicsenv" value="sun.awt.Win32GraphicsEnvironment"/>
    <property name="surefire.real.class.path" value="C:\Users\AHMEDT~1.ABO\AppData\Local\Temp\surefire2074479116252492755\surefirebooter8784384277527393076.jar"/>
    <property name="sun.boot.class.path" value="G:\Java\jdk1.8.0_171\jre\lib\resources.jar;G:\Java\jdk1.8.0_171\jre\lib\rt.jar;G:\Java\jdk1.8.0_171\jre\lib\sunrsasign.jar;G:\Java\jdk1.8.0_171\jre\lib\jsse.jar;G:\Java\jdk1.8.0_171\jre\lib\jce.jar;G:\Java\jdk1.8.0_171\jre\lib\charsets.jar;G:\Java\jdk1.8.0_171\jre\lib\jfr.jar;G:\Java\jdk1.8.0_171\jre\classes"/>
    <property name="user.script" value=""/>
    <property name="sun.management.compiler" value="HotSpot 64-Bit Tiered Compilers"/>
    <property name="java.runtime.version" value="1.8.0_171-b11"/>
    <property name="user.name" value="ahmed.t.abouelsouod"/>
    <property name="path.separator" value=";"/>
    <property name="os.version" value="10.0"/>
    <property name="java.endorsed.dirs" value="G:\Java\jdk1.8.0_171\jre\lib\endorsed"/>
    <property name="java.runtime.name" value="Java(TM) SE Runtime Environment"/>
    <property name="file.encoding" value="Cp1252"/>
    <property name="java.vm.name" value="Java HotSpot(TM) 64-Bit Server VM"/>
    <property name="localRepository" value="C:\Users\ahmed.t.abouelsouod\.m2\repository"/>
    <property name="java.vendor.url.bug" value="http://bugreport.sun.com/bugreport/"/>
    <property name="java.io.tmpdir" value="C:\Users\AHMEDT~1.ABO\AppData\Local\Temp\"/>
    <property name="java.version" value="1.8.0_171"/>
    <property name="user.dir" value="G:\Project_workspace\_wf\wf"/>
    <property name="os.arch" value="amd64"/>
    <property name="java.vm.specification.name" value="Java Virtual Machine Specification"/>
    <property name="java.awt.printerjob" value="sun.awt.windows.WPrinterJob"/>
    <property name="sun.os.patch.level" value=""/>
    <property name="java.library.path" value="G:\Java\jdk1.8.0_171\jre\bin;C:\Windows\Sun\Java\bin;C:\Windows\system32;C:\Windows;G:/Java/jdk1.8.0_171/bin/../jre/bin/server;G:/Java/jdk1.8.0_171/bin/../jre/bin;G:/Java/jdk1.8.0_171/bin/../jre/lib/amd64;G:\Java\jdk1.8.0_171\bin;C:\Windows\system32;C:\Windows;C:\Windows\System32\Wbem;C:\Windows\System32\WindowsPowerShell\v1.0\;C:\apache-ant-1.10.1\bin;C:\Program Files (x86)\Intel\OpenCL SDK\2.0\bin\x86,C:\apache-ant-1.10.1\bin;C:\Program Files (x86)\Intel\OpenCL SDK\2.0\bin\x64,C:\apache-ant-1.10.1\bin;C:\Program Files\Git\cmd;C:\Program Files\Git\mingw64\bin;C:\Program Files\Git\usr\bin;C:\Program Files\TortoiseSVN\bin;C:\Program Files (x86)\Microsoft SQL Server\Client SDK\ODBC\130\Tools\Binn\;C:\Program Files (x86)\Microsoft SQL Server\140\Tools\Binn\;C:\Program Files (x86)\Microsoft SQL Server\140\DTS\Binn\;C:\Program Files (x86)\Microsoft SQL Server\140\Tools\Binn\ManagementStudio\;G:\Program Files\nodejs\;C:\Program Files\PuTTY\;C:\Program Files\Microsoft VS Code\bin;G:\Program Files\Microsoft VS Code\bin;C:\Users\ahmed.t.abouelsouod\AppData\Roaming\npm;G:\hanfy sources\eclipse;;."/>
    <property name="java.vm.info" value="mixed mode"/>
    <property name="java.vendor" value="Oracle Corporation"/>
    <property name="java.vm.version" value="25.171-b11"/>
    <property name="java.ext.dirs" value="G:\Java\jdk1.8.0_171\jre\lib\ext;C:\Windows\Sun\Java\lib\ext"/>
    <property name="sun.io.unicode.encoding" value="UnicodeLittle"/>
    <property name="java.class.version" value="52.0"/>
  </properties>
  <testcase name="test" classname="com.wf.HelloAppEngineTest" time="0.015">
    <failure message="expected:&lt;text/plain&gt; but was:&lt;null&gt;" type="java.lang.AssertionError"><![CDATA[java.lang.AssertionError: expected:<text/plain> but was:<null>
	at com.wf.HelloAppEngineTest.test(HelloAppEngineTest.java:14)
]]></failure>
  </testcase>
</testsuite>